
4월 21, 2022 19:21:11.572 NEW SESSION
4월 21, 2022 19:21:11.572 [11964:18784:0421/192111.565:ERROR:device_event_log_impl.cc(214)] [19:21:11.565] USB: usb_device_handle_win.cc:1049 Failed to read descriptor from node connection: 시스템에 부착된 장치가 작동하지 않습니다. (0x1F)
4월 21, 2022 19:21:11.573 [11964:18784:0421/192111.565:ERROR:usb_descriptors.cc(141)] Failed to read length for configuration 1.
4월 21, 2022 19:21:11.574 [11964:18784:0421/192111.565:ERROR:usb_descriptors.cc(100)] Failed to read all configuration descriptors. Expected 2, got 1.
4월 21, 2022 19:21:11.575 [11964:18784:0421/192111.565:ERROR:device_event_log_impl.cc(214)] [19:21:11.565] USB: usb_device_win.cc:96 Failed to read descriptors from \\?\usb#vid_10a5&pid_0007#5&67b3616&0&8#{a5dcbf10-6530-11d2-901f-00c04fb951ed}.
4월 21, 2022 19:21:11.576 [11964:18784:0421/192111.565:ERROR:device_event_log_impl.cc(214)] [19:21:11.565] USB: usb_device_handle_win.cc:1049 Failed to read descriptor from node connection: 시스템에 부착된 장치가 작동하지 않습니다. (0x1F)
4월 21, 2022 19:22:08.792 [11964:10360:0421/192208.791:ERROR:util.cc(126)] Can't create base directory: C:\Program Files\Google\GoogleUpdater
4월 21, 2022 20:50:14.819 [11964:18784:0421/205014.818:ERROR:device_event_log_impl.cc(214)] [20:50:14.817] USB: usb_service_win.cc:260 Failed to get device driver name: 요소가 없습니다. (0x490)
4월 21, 2022 21:44:37.175 [17864:16524:0421/214437.175:ERROR:device_event_log_impl.cc(214)] [21:44:37.174] USB: usb_device_handle_win.cc:1049 Failed to read descriptor from node connection: 시스템에 부착된 장치가 작동하지 않습니다. (0x1F)
4월 21, 2022 21:44:37.177 [17864:16524:0421/214437.175:ERROR:usb_descriptors.cc(141)] Failed to read length for configuration 1.
4월 21, 2022 21:44:37.178 [17864:16524:0421/214437.175:ERROR:usb_descriptors.cc(100)] Failed to read all configuration descriptors. Expected 2, got 1.
4월 21, 2022 21:44:37.179 [17864:16524:0421/214437.175:ERROR:device_event_log_impl.cc(214)] [21:44:37.174] USB: usb_device_win.cc:96 Failed to read descriptors from \\?\usb#vid_10a5&pid_0007#5&67b3616&0&8#{a5dcbf10-6530-11d2-901f-00c04fb951ed}.
4월 21, 2022 21:44:37.180 [17864:16524:0421/214437.175:ERROR:device_event_log_impl.cc(214)] [21:44:37.175] USB: usb_device_handle_win.cc:1049 Failed to read descriptor from node connection: 시스템에 부착된 장치가 작동하지 않습니다. (0x1F)
4월 21, 2022 21:45:34.665 [17864:14708:0421/214534.664:ERROR:util.cc(126)] Can't create base directory: C:\Program Files\Google\GoogleUpdater
4월 21, 2022 22:03:18.233 [10416:2356:0421/220318.232:ERROR:device_event_log_impl.cc(214)] [22:03:18.233] USB: usb_device_handle_win.cc:1049 Failed to read descriptor from node connection: 시스템에 부착된 장치가 작동하지 않습니다. (0x1F)
4월 21, 2022 22:03:18.233 [10416:2356:0421/220318.232:ERROR:usb_descriptors.cc(141)] Failed to read length for configuration 1.
4월 21, 2022 22:03:18.234 [10416:2356:0421/220318.232:ERROR:usb_descriptors.cc(100)] Failed to read all configuration descriptors. Expected 2, got 1.
4월 21, 2022 22:03:18.235 [10416:2356:0421/220318.232:ERROR:device_event_log_impl.cc(214)] [22:03:18.233] USB: usb_device_win.cc:96 Failed to read descriptors from \\?\usb#vid_10a5&pid_0007#5&67b3616&0&8#{a5dcbf10-6530-11d2-901f-00c04fb951ed}.
4월 21, 2022 22:03:18.236 [10416:2356:0421/220318.232:ERROR:device_event_log_impl.cc(214)] [22:03:18.233] USB: usb_device_handle_win.cc:1049 Failed to read descriptor from node connection: 시스템에 부착된 장치가 작동하지 않습니다. (0x1F)
4월 21, 2022 22:04:15.782 [10416:10660:0421/220415.782:ERROR:util.cc(126)] Can't create base directory: C:\Program Files\Google\GoogleUpdater
4월 21, 2022 22:10:30.608 [2884:10384:0421/221030.607:ERROR:device_event_log_impl.cc(214)] [22:10:30.607] USB: usb_device_handle_win.cc:1049 Failed to read descriptor from node connection: 시스템에 부착된 장치가 작동하지 않습니다. (0x1F)
4월 21, 2022 22:10:30.608 [2884:10384:0421/221030.607:ERROR:usb_descriptors.cc(141)] Failed to read length for configuration 1.
4월 21, 2022 22:10:30.610 [2884:10384:0421/221030.607:ERROR:usb_descriptors.cc(100)] Failed to read all configuration descriptors. Expected 2, got 1.
4월 21, 2022 22:10:30.610 [2884:10384:0421/221030.607:ERROR:device_event_log_impl.cc(214)] [22:10:30.608] USB: usb_device_win.cc:96 Failed to read descriptors from \\?\usb#vid_10a5&pid_0007#5&67b3616&0&8#{a5dcbf10-6530-11d2-901f-00c04fb951ed}.
4월 21, 2022 22:10:30.611 [2884:10384:0421/221030.607:ERROR:device_event_log_impl.cc(214)] [22:10:30.608] USB: usb_device_handle_win.cc:1049 Failed to read descriptor from node connection: 시스템에 부착된 장치가 작동하지 않습니다. (0x1F)

4월 22, 2022 10:48:51.323 NEW SESSION
4월 22, 2022 10:48:51.323 [9020:14096:0422/104851.319:ERROR:device_event_log_impl.cc(214)] [10:48:51.318] USB: usb_device_handle_win.cc:1049 Failed to read descriptor from node connection: 시스템에 부착된 장치가 작동하지 않습니다. (0x1F)
4월 22, 2022 10:48:51.324 [9020:14096:0422/104851.319:ERROR:usb_descriptors.cc(141)] Failed to read length for configuration 1.
4월 22, 2022 10:48:51.325 [9020:14096:0422/104851.319:ERROR:usb_descriptors.cc(100)] Failed to read all configuration descriptors. Expected 2, got 1.
4월 22, 2022 10:48:51.326 [9020:14096:0422/104851.319:ERROR:device_event_log_impl.cc(214)] [10:48:51.319] USB: usb_device_win.cc:96 Failed to read descriptors from \\?\usb#vid_10a5&pid_0007#5&67b3616&0&8#{a5dcbf10-6530-11d2-901f-00c04fb951ed}.
4월 22, 2022 10:48:51.327 [9020:14096:0422/104851.319:ERROR:device_event_log_impl.cc(214)] [10:48:51.319] USB: usb_device_handle_win.cc:1049 Failed to read descriptor from node connection: 시스템에 부착된 장치가 작동하지 않습니다. (0x1F)
4월 22, 2022 10:49:48.611 [9020:13616:0422/104948.609:ERROR:util.cc(126)] Can't create base directory: C:\Program Files\Google\GoogleUpdater
4월 22, 2022 10:58:07.299 [7164:2504:0422/105807.298:ERROR:device_event_log_impl.cc(214)] [10:58:07.297] USB: usb_device_handle_win.cc:1049 Failed to read descriptor from node connection: 시스템에 부착된 장치가 작동하지 않습니다. (0x1F)
4월 22, 2022 10:58:07.300 [7164:2504:0422/105807.298:ERROR:usb_descriptors.cc(141)] Failed to read length for configuration 1.
4월 22, 2022 10:58:07.301 [7164:2504:0422/105807.298:ERROR:usb_descriptors.cc(100)] Failed to read all configuration descriptors. Expected 2, got 1.
4월 22, 2022 10:58:07.302 [7164:2504:0422/105807.298:ERROR:device_event_log_impl.cc(214)] [10:58:07.298] USB: usb_device_win.cc:96 Failed to read descriptors from \\?\usb#vid_10a5&pid_0007#5&67b3616&0&8#{a5dcbf10-6530-11d2-901f-00c04fb951ed}.
4월 22, 2022 10:58:07.304 [7164:2504:0422/105807.299:ERROR:device_event_log_impl.cc(214)] [10:58:07.299] USB: usb_device_handle_win.cc:1049 Failed to read descriptor from node connection: 시스템에 부착된 장치가 작동하지 않습니다. (0x1F)
4월 22, 2022 10:59:03.865 [7164:9516:0422/105903.864:ERROR:util.cc(126)] Can't create base directory: C:\Program Files\Google\GoogleUpdater
4월 22, 2022 13:12:06.851 [7164:3128:0422/131206.850:ERROR:database.cc(1782)] History SQLite error: code 1555 errno 0: UNIQUE constraint failed: context_annotations.visit_id sql: INSERT INTO context_annotations( visit_id,context_annotation_flags,duration_since_last_visit,page_end_reason,total_foreground_duration )VALUES(?,?,?,?,?)
4월 22, 2022 13:12:06.853 [7164:3128:0422/131206.852:ERROR:database.cc(1782)] History SQLite error: code 1555 errno 0: UNIQUE constraint failed: context_annotations.visit_id sql: INSERT INTO context_annotations( visit_id,context_annotation_flags,duration_since_last_visit,page_end_reason,total_foreground_duration )VALUES(?,?,?,?,?)
4월 22, 2022 16:56:32.214 [8376:17652:0422/165632.214:ERROR:device_event_log_impl.cc(214)] [16:56:32.213] USB: usb_device_handle_win.cc:1049 Failed to read descriptor from node connection: 시스템에 부착된 장치가 작동하지 않습니다. (0x1F)
4월 22, 2022 16:56:32.215 [8376:17652:0422/165632.214:ERROR:usb_descriptors.cc(141)] Failed to read length for configuration 1.
4월 22, 2022 16:56:32.216 [8376:17652:0422/165632.214:ERROR:usb_descriptors.cc(100)] Failed to read all configuration descriptors. Expected 2, got 1.
4월 22, 2022 16:56:32.217 [8376:17652:0422/165632.214:ERROR:device_event_log_impl.cc(214)] [16:56:32.213] USB: usb_device_win.cc:96 Failed to read descriptors from \\?\usb#vid_10a5&pid_0007#5&67b3616&0&8#{a5dcbf10-6530-11d2-901f-00c04fb951ed}.
4월 22, 2022 16:56:32.217 [8376:17652:0422/165632.214:ERROR:device_event_log_impl.cc(214)] [16:56:32.213] USB: usb_device_handle_win.cc:1049 Failed to read descriptor from node connection: 시스템에 부착된 장치가 작동하지 않습니다. (0x1F)
4월 22, 2022 16:57:29.634 [8376:15956:0422/165729.633:ERROR:util.cc(126)] Can't create base directory: C:\Program Files\Google\GoogleUpdater

4월 23, 2022 11:05:14.167 NEW SESSION
4월 23, 2022 11:05:14.168 [5820:12552:0423/110514.164:ERROR:device_event_log_impl.cc(214)] [11:05:14.164] USB: usb_device_handle_win.cc:1049 Failed to read descriptor from node connection: 시스템에 부착된 장치가 작동하지 않습니다. (0x1F)
4월 23, 2022 11:05:14.169 [5820:12552:0423/110514.164:ERROR:usb_descriptors.cc(141)] Failed to read length for configuration 1.
4월 23, 2022 11:05:14.169 [5820:12552:0423/110514.164:ERROR:usb_descriptors.cc(100)] Failed to read all configuration descriptors. Expected 2, got 1.
4월 23, 2022 11:05:14.170 [5820:12552:0423/110514.164:ERROR:device_event_log_impl.cc(214)] [11:05:14.164] USB: usb_device_win.cc:96 Failed to read descriptors from \\?\usb#vid_10a5&pid_0007#5&67b3616&0&8#{a5dcbf10-6530-11d2-901f-00c04fb951ed}.
4월 23, 2022 11:05:14.171 [5820:12552:0423/110514.164:ERROR:device_event_log_impl.cc(214)] [11:05:14.164] USB: usb_device_handle_win.cc:1049 Failed to read descriptor from node connection: 시스템에 부착된 장치가 작동하지 않습니다. (0x1F)
4월 23, 2022 11:06:11.735 [5820:7944:0423/110611.735:ERROR:util.cc(126)] Can't create base directory: C:\Program Files\Google\GoogleUpdater
4월 23, 2022 11:09:53.586 [8620:18568:0423/110953.586:ERROR:device_event_log_impl.cc(214)] [11:09:53.585] USB: usb_device_handle_win.cc:1049 Failed to read descriptor from node connection: 시스템에 부착된 장치가 작동하지 않습니다. (0x1F)
4월 23, 2022 11:09:53.587 [8620:18568:0423/110953.586:ERROR:usb_descriptors.cc(141)] Failed to read length for configuration 1.
4월 23, 2022 11:09:53.588 [8620:18568:0423/110953.586:ERROR:usb_descriptors.cc(100)] Failed to read all configuration descriptors. Expected 2, got 1.
4월 23, 2022 11:09:53.589 [8620:18568:0423/110953.586:ERROR:device_event_log_impl.cc(214)] [11:09:53.586] USB: usb_device_win.cc:96 Failed to read descriptors from \\?\usb#vid_10a5&pid_0007#5&67b3616&0&8#{a5dcbf10-6530-11d2-901f-00c04fb951ed}.
4월 23, 2022 11:09:53.590 [8620:18568:0423/110953.586:ERROR:device_event_log_impl.cc(214)] [11:09:53.586] USB: usb_device_handle_win.cc:1049 Failed to read descriptor from node connection: 시스템에 부착된 장치가 작동하지 않습니다. (0x1F)
4월 23, 2022 11:10:50.868 [8620:1908:0423/111050.867:ERROR:util.cc(126)] Can't create base directory: C:\Program Files\Google\GoogleUpdater
4월 23, 2022 15:52:09.557 [7032:19736:0423/155209.553:ERROR:device_event_log_impl.cc(214)] [15:52:09.553] USB: usb_device_handle_win.cc:1049 Failed to read descriptor from node connection: 시스템에 부착된 장치가 작동하지 않습니다. (0x1F)
4월 23, 2022 15:52:09.559 [7032:19736:0423/155209.553:ERROR:usb_descriptors.cc(141)] Failed to read length for configuration 1.
4월 23, 2022 15:52:09.559 [7032:19736:0423/155209.553:ERROR:usb_descriptors.cc(100)] Failed to read all configuration descriptors. Expected 2, got 1.
4월 23, 2022 15:52:09.560 [7032:19736:0423/155209.553:ERROR:device_event_log_impl.cc(214)] [15:52:09.553] USB: usb_device_win.cc:96 Failed to read descriptors from \\?\usb#vid_10a5&pid_0007#5&67b3616&0&8#{a5dcbf10-6530-11d2-901f-00c04fb951ed}.
4월 23, 2022 15:52:09.562 [7032:19736:0423/155209.553:ERROR:device_event_log_impl.cc(214)] [15:52:09.553] USB: usb_device_handle_win.cc:1049 Failed to read descriptor from node connection: 시스템에 부착된 장치가 작동하지 않습니다. (0x1F)
4월 23, 2022 15:53:05.948 [7032:8756:0423/155305.947:ERROR:util.cc(126)] Can't create base directory: C:\Program Files\Google\GoogleUpdater

4월 24, 2022 12:20:44.675 NEW SESSION
4월 24, 2022 12:20:44.675 [7816:5532:0424/122044.671:ERROR:device_event_log_impl.cc(214)] [12:20:44.672] USB: usb_device_handle_win.cc:1049 Failed to read descriptor from node connection: 시스템에 부착된 장치가 작동하지 않습니다. (0x1F)
4월 24, 2022 12:20:44.676 [7816:5532:0424/122044.671:ERROR:usb_descriptors.cc(141)] Failed to read length for configuration 1.
4월 24, 2022 12:20:44.677 [7816:5532:0424/122044.672:ERROR:usb_descriptors.cc(100)] Failed to read all configuration descriptors. Expected 2, got 1.
4월 24, 2022 12:20:44.677 [7816:5532:0424/122044.672:ERROR:device_event_log_impl.cc(214)] [12:20:44.672] USB: usb_device_win.cc:96 Failed to read descriptors from \\?\usb#vid_10a5&pid_0007#5&67b3616&0&8#{a5dcbf10-6530-11d2-901f-00c04fb951ed}.
4월 24, 2022 12:20:44.678 [7816:5532:0424/122044.672:ERROR:device_event_log_impl.cc(214)] [12:20:44.672] USB: usb_device_handle_win.cc:1049 Failed to read descriptor from node connection: 시스템에 부착된 장치가 작동하지 않습니다. (0x1F)
4월 24, 2022 12:21:42.217 [7816:3476:0424/122142.214:ERROR:util.cc(126)] Can't create base directory: C:\Program Files\Google\GoogleUpdater
4월 24, 2022 12:29:22.915 [4660:12056:0424/122922.914:ERROR:device_event_log_impl.cc(214)] [12:29:22.914] USB: usb_device_handle_win.cc:1049 Failed to read descriptor from node connection: 시스템에 부착된 장치가 작동하지 않습니다. (0x1F)
4월 24, 2022 12:29:22.918 [4660:12056:0424/122922.914:ERROR:usb_descriptors.cc(141)] Failed to read length for configuration 1.
4월 24, 2022 12:29:22.920 [4660:12056:0424/122922.914:ERROR:usb_descriptors.cc(100)] Failed to read all configuration descriptors. Expected 2, got 1.
4월 24, 2022 12:29:22.921 [4660:12056:0424/122922.914:ERROR:device_event_log_impl.cc(214)] [12:29:22.914] USB: usb_device_win.cc:96 Failed to read descriptors from \\?\usb#vid_10a5&pid_0007#5&67b3616&0&8#{a5dcbf10-6530-11d2-901f-00c04fb951ed}.
4월 24, 2022 12:29:22.922 [4660:12056:0424/122922.914:ERROR:device_event_log_impl.cc(214)] [12:29:22.914] USB: usb_device_handle_win.cc:1049 Failed to read descriptor from node connection: 시스템에 부착된 장치가 작동하지 않습니다. (0x1F)
4월 24, 2022 12:30:19.298 [4660:16180:0424/123019.297:ERROR:util.cc(126)] Can't create base directory: C:\Program Files\Google\GoogleUpdater
4월 24, 2022 17:22:39.165 [4660:15640:0424/172239.164:ERROR:connection_factory_impl.cc(425)] Failed to connect to MCS endpoint with error -106
4월 24, 2022 17:26:11.340 [4660:15640:0424/172611.339:ERROR:connection_factory_impl.cc(425)] Failed to connect to MCS endpoint with error -106
4월 24, 2022 17:26:39.189 [4660:15640:0424/172639.188:ERROR:connection_factory_impl.cc(425)] Failed to connect to MCS endpoint with error -106
4월 24, 2022 17:27:31.454 [4660:15640:0424/172731.453:ERROR:connection_factory_impl.cc(425)] Failed to connect to MCS endpoint with error -106
4월 24, 2022 17:29:31.249 [4660:15640:0424/172931.247:ERROR:connection_factory_impl.cc(425)] Failed to connect to MCS endpoint with error -106
4월 24, 2022 17:30:19.284 [4660:16180:0424/173019.283:ERROR:util.cc(126)] Can't create base directory: C:\Program Files\Google\GoogleUpdater
4월 24, 2022 17:33:04.923 [4660:15640:0424/173304.922:ERROR:connection_factory_impl.cc(425)] Failed to connect to MCS endpoint with error -106
4월 24, 2022 17:38:51.890 [4660:15640:0424/173851.890:ERROR:connection_factory_impl.cc(425)] Failed to connect to MCS endpoint with error -106
4월 24, 2022 17:40:30.169 [4660:12056:0424/174030.168:ERROR:device_event_log_impl.cc(214)] [17:40:30.169] USB: usb_service_win.cc:260 Failed to get device driver name: 요소가 없습니다. (0x490)
4월 24, 2022 19:38:14.546 [4660:15640:0424/193814.545:ERROR:connection_factory_impl.cc(425)] Failed to connect to MCS endpoint with error -105

4월 25, 2022 11:09:16.90 NEW SESSION
4월 25, 2022 11:09:16.90 [10176:2908:0425/110916.087:ERROR:device_event_log_impl.cc(214)] [11:09:16.087] USB: usb_device_handle_win.cc:1049 Failed to read descriptor from node connection: 시스템에 부착된 장치가 작동하지 않습니다. (0x1F)
4월 25, 2022 11:09:16.92 [10176:2908:0425/110916.087:ERROR:usb_descriptors.cc(141)] Failed to read length for configuration 1.
4월 25, 2022 11:09:16.92 [10176:2908:0425/110916.087:ERROR:usb_descriptors.cc(100)] Failed to read all configuration descriptors. Expected 2, got 1.
4월 25, 2022 11:09:16.93 [10176:2908:0425/110916.087:ERROR:device_event_log_impl.cc(214)] [11:09:16.087] USB: usb_device_win.cc:96 Failed to read descriptors from \\?\usb#vid_10a5&pid_0007#5&67b3616&0&8#{a5dcbf10-6530-11d2-901f-00c04fb951ed}.
4월 25, 2022 11:09:16.94 [10176:2908:0425/110916.087:ERROR:device_event_log_impl.cc(214)] [11:09:16.087] USB: usb_device_handle_win.cc:1049 Failed to read descriptor from node connection: 시스템에 부착된 장치가 작동하지 않습니다. (0x1F)
4월 25, 2022 11:10:12.553 [10176:10716:0425/111012.552:ERROR:util.cc(126)] Can't create base directory: C:\Program Files\Google\GoogleUpdater
4월 25, 2022 14:51:27.263 [10176:2908:0425/145127.262:ERROR:device_event_log_impl.cc(214)] [14:51:27.262] USB: usb_service_win.cc:260 Failed to get device driver name: 요소가 없습니다. (0x490)
4월 25, 2022 16:10:12.540 [10176:14664:0425/161012.538:ERROR:util.cc(126)] Can't create base directory: C:\Program Files\Google\GoogleUpdater
4월 25, 2022 22:43:59.934 [10176:13540:0425/224359.933:ERROR:connection_factory_impl.cc(425)] Failed to connect to MCS endpoint with error -106
4월 25, 2022 22:44:07.185 [10176:3132:0425/224407.184:ERROR:util.cc(126)] Can't create base directory: C:\Program Files\Google\GoogleUpdater

4월 26, 2022 12:20:16.669 NEW SESSION
4월 26, 2022 12:20:16.669 [14352:2068:0426/122016.661:ERROR:device_event_log_impl.cc(214)] [12:20:16.661] USB: usb_device_handle_win.cc:1049 Failed to read descriptor from node connection: 시스템에 부착된 장치가 작동하지 않습니다. (0x1F)
4월 26, 2022 12:20:16.671 [14352:2068:0426/122016.661:ERROR:usb_descriptors.cc(141)] Failed to read length for configuration 1.
4월 26, 2022 12:20:16.673 [14352:2068:0426/122016.661:ERROR:usb_descriptors.cc(100)] Failed to read all configuration descriptors. Expected 2, got 1.
4월 26, 2022 12:20:16.675 [14352:2068:0426/122016.662:ERROR:device_event_log_impl.cc(214)] [12:20:16.662] USB: usb_device_win.cc:96 Failed to read descriptors from \\?\usb#vid_10a5&pid_0007#5&67b3616&0&8#{a5dcbf10-6530-11d2-901f-00c04fb951ed}.
4월 26, 2022 12:20:16.678 [14352:2068:0426/122016.662:ERROR:device_event_log_impl.cc(214)] [12:20:16.663] USB: usb_device_handle_win.cc:1049 Failed to read descriptor from node connection: 시스템에 부착된 장치가 작동하지 않습니다. (0x1F)
4월 26, 2022 12:21:14.48 [14352:3144:0426/122114.047:ERROR:util.cc(126)] Can't create base directory: C:\Program Files\Google\GoogleUpdater
4월 26, 2022 15:20:25.74 [14352:2068:0426/152025.073:ERROR:device_event_log_impl.cc(214)] [15:20:25.073] USB: usb_service_win.cc:260 Failed to get device driver name: 요소가 없습니다. (0x490)
4월 26, 2022 15:33:24.993 [17292:15028:0426/153324.992:ERROR:device_event_log_impl.cc(214)] [15:33:24.991] USB: usb_device_handle_win.cc:1049 Failed to read descriptor from node connection: 시스템에 부착된 장치가 작동하지 않습니다. (0x1F)
4월 26, 2022 15:33:24.994 [17292:15028:0426/153324.992:ERROR:usb_descriptors.cc(141)] Failed to read length for configuration 1.
4월 26, 2022 15:33:24.995 [17292:15028:0426/153324.992:ERROR:usb_descriptors.cc(100)] Failed to read all configuration descriptors. Expected 2, got 1.
4월 26, 2022 15:33:24.996 [17292:15028:0426/153324.993:ERROR:device_event_log_impl.cc(214)] [15:33:24.992] USB: usb_device_win.cc:96 Failed to read descriptors from \\?\usb#vid_10a5&pid_0007#5&67b3616&0&8#{a5dcbf10-6530-11d2-901f-00c04fb951ed}.
4월 26, 2022 15:33:24.997 [17292:15028:0426/153324.993:ERROR:device_event_log_impl.cc(214)] [15:33:24.992] USB: usb_device_handle_win.cc:1049 Failed to read descriptor from node connection: 시스템에 부착된 장치가 작동하지 않습니다. (0x1F)
4월 26, 2022 15:34:21.811 [17292:7980:0426/153421.810:ERROR:util.cc(126)] Can't create base directory: C:\Program Files\Google\GoogleUpdater

4월 26, 2022 15:44:46.632 NEW SESSION
4월 26, 2022 15:44:46.632 [10440:10716:0426/154446.627:ERROR:device_event_log_impl.cc(214)] [15:44:46.626] USB: usb_device_handle_win.cc:1049 Failed to read descriptor from node connection: 시스템에 부착된 장치가 작동하지 않습니다. (0x1F)
4월 26, 2022 15:44:46.633 [10440:10716:0426/154446.627:ERROR:usb_descriptors.cc(141)] Failed to read length for configuration 1.
4월 26, 2022 15:44:46.635 [10440:10716:0426/154446.627:ERROR:usb_descriptors.cc(100)] Failed to read all configuration descriptors. Expected 2, got 1.
4월 26, 2022 15:44:46.636 [10440:10716:0426/154446.627:ERROR:device_event_log_impl.cc(214)] [15:44:46.627] USB: usb_device_win.cc:96 Failed to read descriptors from \\?\usb#vid_10a5&pid_0007#5&67b3616&0&8#{a5dcbf10-6530-11d2-901f-00c04fb951ed}.
4월 26, 2022 15:44:46.639 [10440:10716:0426/154446.627:ERROR:device_event_log_impl.cc(214)] [15:44:46.627] USB: usb_device_handle_win.cc:1049 Failed to read descriptor from node connection: 시스템에 부착된 장치가 작동하지 않습니다. (0x1F)
4월 26, 2022 15:45:44.21 [10440:13364:0426/154544.020:ERROR:util.cc(126)] Can't create base directory: C:\Program Files\Google\GoogleUpdater

4월 26, 2022 15:53:31.368 NEW SESSION
4월 26, 2022 15:53:31.369 [11508:4068:0426/155331.366:ERROR:device_event_log_impl.cc(214)] [15:53:31.365] USB: usb_device_handle_win.cc:1049 Failed to read descriptor from node connection: 시스템에 부착된 장치가 작동하지 않습니다. (0x1F)
4월 26, 2022 15:53:31.370 [11508:4068:0426/155331.366:ERROR:usb_descriptors.cc(141)] Failed to read length for configuration 1.
4월 26, 2022 15:53:31.370 [11508:4068:0426/155331.366:ERROR:usb_descriptors.cc(100)] Failed to read all configuration descriptors. Expected 2, got 1.
4월 26, 2022 15:53:31.371 [11508:4068:0426/155331.366:ERROR:device_event_log_impl.cc(214)] [15:53:31.365] USB: usb_device_win.cc:96 Failed to read descriptors from \\?\usb#vid_10a5&pid_0007#5&67b3616&0&8#{a5dcbf10-6530-11d2-901f-00c04fb951ed}.
4월 26, 2022 15:53:31.373 [11508:4068:0426/155331.366:ERROR:device_event_log_impl.cc(214)] [15:53:31.366] USB: usb_device_handle_win.cc:1049 Failed to read descriptor from node connection: 시스템에 부착된 장치가 작동하지 않습니다. (0x1F)
4월 26, 2022 15:54:29.762 [11508:10792:0426/155429.761:ERROR:util.cc(126)] Can't create base directory: C:\Program Files\Google\GoogleUpdater
4월 26, 2022 16:02:28.04 [16980:16984:0426/160228.002:ERROR:device_event_log_impl.cc(214)] [16:02:28.001] USB: usb_device_handle_win.cc:1049 Failed to read descriptor from node connection: 시스템에 부착된 장치가 작동하지 않습니다. (0x1F)
4월 26, 2022 16:02:28.05 [16980:16984:0426/160228.002:ERROR:usb_descriptors.cc(141)] Failed to read length for configuration 1.
4월 26, 2022 16:02:28.08 [16980:16984:0426/160228.002:ERROR:usb_descriptors.cc(100)] Failed to read all configuration descriptors. Expected 2, got 1.
4월 26, 2022 16:02:28.09 [16980:16984:0426/160228.002:ERROR:device_event_log_impl.cc(214)] [16:02:28.002] USB: usb_device_win.cc:96 Failed to read descriptors from \\?\usb#vid_10a5&pid_0007#5&67b3616&0&8#{a5dcbf10-6530-11d2-901f-00c04fb951ed}.
4월 26, 2022 16:02:28.11 [16980:16984:0426/160228.003:ERROR:device_event_log_impl.cc(214)] [16:02:28.002] USB: usb_device_handle_win.cc:1049 Failed to read descriptor from node connection: 시스템에 부착된 장치가 작동하지 않습니다. (0x1F)
4월 26, 2022 16:03:25.427 [16980:17080:0426/160325.425:ERROR:util.cc(126)] Can't create base directory: C:\Program Files\Google\GoogleUpdater
4월 26, 2022 17:08:12.986 [11960:10692:0426/170812.986:ERROR:device_event_log_impl.cc(214)] [17:08:12.986] USB: usb_device_handle_win.cc:1049 Failed to read descriptor from node connection: 시스템에 부착된 장치가 작동하지 않습니다. (0x1F)
4월 26, 2022 17:08:12.987 [11960:10692:0426/170812.986:ERROR:usb_descriptors.cc(141)] Failed to read length for configuration 1.
4월 26, 2022 17:08:12.988 [11960:10692:0426/170812.986:ERROR:usb_descriptors.cc(100)] Failed to read all configuration descriptors. Expected 2, got 1.
4월 26, 2022 17:08:12.989 [11960:10692:0426/170812.986:ERROR:device_event_log_impl.cc(214)] [17:08:12.986] USB: usb_device_win.cc:96 Failed to read descriptors from \\?\usb#vid_10a5&pid_0007#5&67b3616&0&8#{a5dcbf10-6530-11d2-901f-00c04fb951ed}.
4월 26, 2022 17:08:12.990 [11960:10692:0426/170812.986:ERROR:device_event_log_impl.cc(214)] [17:08:12.986] USB: usb_device_handle_win.cc:1049 Failed to read descriptor from node connection: 시스템에 부착된 장치가 작동하지 않습니다. (0x1F)
4월 26, 2022 17:09:09.374 [11960:17140:0426/170909.373:ERROR:util.cc(126)] Can't create base directory: C:\Program Files\Google\GoogleUpdater

4월 29, 2022 13:03:13.388 NEW SESSION
4월 29, 2022 13:03:13.389 [13236:16100:0429/130313.367:ERROR:device_event_log_impl.cc(214)] [13:03:13.366] USB: usb_device_handle_win.cc:1049 Failed to read descriptor from node connection: 시스템에 부착된 장치가 작동하지 않습니다. (0x1F)
4월 29, 2022 13:03:13.390 [13236:16100:0429/130313.367:ERROR:usb_descriptors.cc(141)] Failed to read length for configuration 1.
4월 29, 2022 13:03:13.391 [13236:16100:0429/130313.367:ERROR:usb_descriptors.cc(100)] Failed to read all configuration descriptors. Expected 2, got 1.
4월 29, 2022 13:03:13.392 [13236:16100:0429/130313.367:ERROR:device_event_log_impl.cc(214)] [13:03:13.367] USB: usb_device_win.cc:96 Failed to read descriptors from \\?\usb#vid_10a5&pid_0007#5&67b3616&0&8#{a5dcbf10-6530-11d2-901f-00c04fb951ed}.
4월 29, 2022 13:03:13.393 [13236:16100:0429/130313.367:ERROR:device_event_log_impl.cc(214)] [13:03:13.367] USB: usb_device_handle_win.cc:1049 Failed to read descriptor from node connection: 시스템에 부착된 장치가 작동하지 않습니다. (0x1F)
4월 29, 2022 13:04:10.727 [13236:12408:0429/130410.726:ERROR:util.cc(126)] Can't create base directory: C:\Program Files\Google\GoogleUpdater
4월 29, 2022 18:04:02.173 [13236:12196:0429/180402.172:ERROR:util.cc(126)] Can't create base directory: C:\Program Files\Google\GoogleUpdater
4월 29, 2022 20:42:10.369 [13236:9280:0429/204210.368:ERROR:connection_factory_impl.cc(425)] Failed to connect to MCS endpoint with error -105
4월 29, 2022 20:42:20.724 [13236:16100:0429/204220.724:ERROR:device_event_log_impl.cc(214)] [20:42:20.724] USB: usb_service_win.cc:260 Failed to get device driver name: 요소가 없습니다. (0x490)
